This is pdfTeX, Version 3.1415926-2.5-1.40.14 (TeX Live 2013/Parabola GNU/Linux-libre) (format=pdflatex 2013.8.14)  10 SEP 2013 00:32
entering extended mode
 restricted \write18 enabled.
 %&-line parsing enabled.
**"Group 6 Assignment 1 Tools.tex"
(./Group 6 Assignment 1 Tools.tex
LaTeX2e <2011/06/27>
Babel <3.9f> and hyphenation patterns for 78 languages loaded.
(/usr/share/texmf-dist/tex/latex/beamer/beamer.cls
(/usr/share/texmf-dist/tex/latex/beamer/beamerbasercs.sty
Package: beamerbasercs 2013/04/04 (rcs-revision 7b8d65c07caf)
)
Document Class: beamer 2013/04/04 3.27 A class for typesetting presentations (r
cs-revision dca7db0ccda1)
(/usr/share/texmf-dist/tex/latex/beamer/beamerbasemodes.sty
Package: beamerbasemodes 2012/04/15 (rcs-revision cc6557182d97)
\beamer@tempbox=\box26
\beamer@tempcount=\count79
\c@beamerpauses=\count80

(/usr/share/texmf-dist/tex/latex/beamer/beamerbasedecode.sty
Package: beamerbasedecode 2010/05/01 (rcs-revision efa082c6111d)
\beamer@slideinframe=\count81
\beamer@minimum=\count82
)
\beamer@commentbox=\box27
\beamer@modecount=\count83
)
(/usr/share/texmf-dist/tex/generic/oberdiek/ifpdf.sty
Package: ifpdf 2011/01/30 v2.3 Provides the ifpdf switch (HO)
Package ifpdf Info: pdfTeX in PDF mode is detected.
)
\headheight=\dimen102
\headdp=\dimen103
\footheight=\dimen104
\sidebarheight=\dimen105
\beamer@tempdim=\dimen106
\beamer@finalheight=\dimen107
\beamer@animht=\dimen108
\beamer@animdp=\dimen109
\beamer@animwd=\dimen110
\beamer@leftmargin=\dimen111
\beamer@rightmargin=\dimen112
\beamer@leftsidebar=\dimen113
\beamer@rightsidebar=\dimen114
\beamer@boxsize=\dimen115
\beamer@vboxoffset=\dimen116
\beamer@descdefault=\dimen117
\beamer@descriptionwidth=\dimen118
\beamer@lastskip=\skip41
\beamer@areabox=\box28
\beamer@animcurrent=\box29
\beamer@animshowbox=\box30
\beamer@sectionbox=\box31
\beamer@logobox=\box32
\beamer@linebox=\box33
\beamer@sectioncount=\count84
\beamer@subsubsectionmax=\count85
\beamer@subsectionmax=\count86
\beamer@sectionmax=\count87
\beamer@totalheads=\count88
\beamer@headcounter=\count89
\beamer@partstartpage=\count90
\beamer@sectionstartpage=\count91
\beamer@subsectionstartpage=\count92
\beamer@animationtempa=\count93
\beamer@animationtempb=\count94
\beamer@xpos=\count95
\beamer@ypos=\count96
\beamer@showpartnumber=\count97
\beamer@currentsubsection=\count98
\beamer@coveringdepth=\count99
\beamer@sectionadjust=\count100
\beamer@tocsectionnumber=\count101

(/usr/share/texmf-dist/tex/latex/beamer/beamerbaseoptions.sty
Package: beamerbaseoptions 2013/03/10 (rcs-revision 47431932db0d)

(/usr/share/texmf-dist/tex/latex/graphics/keyval.sty
Package: keyval 1999/03/16 v1.13 key=value parser (DPC)
\KV@toks@=\toks14
))
\beamer@paperwidth=\skip42
\beamer@paperheight=\skip43

(/usr/share/texmf-dist/tex/latex/geometry/geometry.sty
Package: geometry 2010/09/12 v5.6 Page Geometry

(/usr/share/texmf-dist/tex/generic/oberdiek/ifvtex.sty
Package: ifvtex 2010/03/01 v1.5 Detect VTeX and its facilities (HO)
Package ifvtex Info: VTeX not detected.
)
(/usr/share/texmf-dist/tex/generic/ifxetex/ifxetex.sty
Package: ifxetex 2010/09/12 v0.6 Provides ifxetex conditional
)
\Gm@cnth=\count102
\Gm@cntv=\count103
\c@Gm@tempcnt=\count104
\Gm@bindingoffset=\dimen119
\Gm@wd@mp=\dimen120
\Gm@odd@mp=\dimen121
\Gm@even@mp=\dimen122
\Gm@layoutwidth=\dimen123
\Gm@layoutheight=\dimen124
\Gm@layouthoffset=\dimen125
\Gm@layoutvoffset=\dimen126
\Gm@dimlist=\toks15
)
(/usr/share/texmf-dist/tex/latex/base/size11.clo
File: size11.clo 2007/10/19 v1.4h Standard LaTeX file (size option)
)
(/usr/share/texmf-dist/tex/latex/pgf/basiclayer/pgfcore.sty
(/usr/share/texmf-dist/tex/latex/graphics/graphicx.sty
Package: graphicx 1999/02/16 v1.0f Enhanced LaTeX Graphics (DPC,SPQR)

(/usr/share/texmf-dist/tex/latex/graphics/graphics.sty
Package: graphics 2009/02/05 v1.0o Standard LaTeX Graphics (DPC,SPQR)

(/usr/share/texmf-dist/tex/latex/graphics/trig.sty
Package: trig 1999/03/16 v1.09 sin cos tan (DPC)
)
(/usr/share/texmf-dist/tex/latex/latexconfig/graphics.cfg
File: graphics.cfg 2010/04/23 v1.9 graphics configuration of TeX Live
)
Package graphics Info: Driver file: pdftex.def on input line 91.

(/usr/share/texmf-dist/tex/latex/pdftex-def/pdftex.def
File: pdftex.def 2011/05/27 v0.06d Graphics/color for pdfTeX

(/usr/share/texmf-dist/tex/generic/oberdiek/infwarerr.sty
Package: infwarerr 2010/04/08 v1.3 Providing info/warning/error messages (HO)
)
(/usr/share/texmf-dist/tex/generic/oberdiek/ltxcmds.sty
Package: ltxcmds 2011/11/09 v1.22 LaTeX kernel commands for general use (HO)
)
\Gread@gobject=\count105
))
\Gin@req@height=\dimen127
\Gin@req@width=\dimen128
)
(/usr/share/texmf-dist/tex/latex/pgf/systemlayer/pgfsys.sty
(/usr/share/texmf-dist/tex/latex/pgf/utilities/pgfrcs.sty
(/usr/share/texmf-dist/tex/generic/pgf/utilities/pgfutil-common.tex
\pgfutil@everybye=\toks16
)
(/usr/share/texmf-dist/tex/generic/pgf/utilities/pgfutil-latex.def
\pgfutil@abb=\box34

(/usr/share/texmf-dist/tex/latex/ms/everyshi.sty
Package: everyshi 2001/05/15 v3.00 EveryShipout Package (MS)
))
(/usr/share/texmf-dist/tex/generic/pgf/utilities/pgfrcs.code.tex
Package: pgfrcs 2010/10/25 v2.10 (rcs-revision 1.24)
))
(/usr/share/texmf-dist/tex/generic/pgf/systemlayer/pgfsys.code.tex
Package: pgfsys 2010/06/30 v2.10 (rcs-revision 1.37)

(/usr/share/texmf-dist/tex/generic/pgf/utilities/pgfkeys.code.tex
\pgfkeys@pathtoks=\toks17
\pgfkeys@temptoks=\toks18

(/usr/share/texmf-dist/tex/generic/pgf/utilities/pgfkeysfiltered.code.tex
\pgfkeys@tmptoks=\toks19
))
\pgf@x=\dimen129
\pgf@y=\dimen130
\pgf@xa=\dimen131
\pgf@ya=\dimen132
\pgf@xb=\dimen133
\pgf@yb=\dimen134
\pgf@xc=\dimen135
\pgf@yc=\dimen136
\w@pgf@writea=\write3
\r@pgf@reada=\read1
\c@pgf@counta=\count106
\c@pgf@countb=\count107
\c@pgf@countc=\count108
\c@pgf@countd=\count109

(/usr/share/texmf-dist/tex/generic/pgf/systemlayer/pgf.cfg
File: pgf.cfg 2008/05/14  (rcs-revision 1.7)
)
Package pgfsys Info: Driver file for pgf: pgfsys-pdftex.def on input line 900.

(/usr/share/texmf-dist/tex/generic/pgf/systemlayer/pgfsys-pdftex.def
File: pgfsys-pdftex.def 2009/05/22  (rcs-revision 1.26)

(/usr/share/texmf-dist/tex/generic/pgf/systemlayer/pgfsys-common-pdf.def
File: pgfsys-common-pdf.def 2008/05/19  (rcs-revision 1.10)
)))
(/usr/share/texmf-dist/tex/generic/pgf/systemlayer/pgfsyssoftpath.code.tex
File: pgfsyssoftpath.code.tex 2008/07/18  (rcs-revision 1.7)
\pgfsyssoftpath@smallbuffer@items=\count110
\pgfsyssoftpath@bigbuffer@items=\count111
)
(/usr/share/texmf-dist/tex/generic/pgf/systemlayer/pgfsysprotocol.code.tex
File: pgfsysprotocol.code.tex 2006/10/16  (rcs-revision 1.4)
))
(/usr/share/texmf-dist/tex/latex/xcolor/xcolor.sty
Package: xcolor 2007/01/21 v2.11 LaTeX color extensions (UK)

(/usr/share/texmf-dist/tex/latex/latexconfig/color.cfg
File: color.cfg 2007/01/18 v1.5 color configuration of teTeX/TeXLive
)
Package xcolor Info: Driver file: pdftex.def on input line 225.
Package xcolor Info: Model `cmy' substituted by `cmy0' on input line 1337.
Package xcolor Info: Model `hsb' substituted by `rgb' on input line 1341.
Package xcolor Info: Model `RGB' extended on input line 1353.
Package xcolor Info: Model `HTML' substituted by `rgb' on input line 1355.
Package xcolor Info: Model `Hsb' substituted by `hsb' on input line 1356.
Package xcolor Info: Model `tHsb' substituted by `hsb' on input line 1357.
Package xcolor Info: Model `HSB' substituted by `hsb' on input line 1358.
Package xcolor Info: Model `Gray' substituted by `gray' on input line 1359.
Package xcolor Info: Model `wave' substituted by `hsb' on input line 1360.
)
(/usr/share/texmf-dist/tex/generic/pgf/basiclayer/pgfcore.code.tex
Package: pgfcore 2010/04/11 v2.10 (rcs-revision 1.7)

(/usr/share/texmf-dist/tex/generic/pgf/math/pgfmath.code.tex
(/usr/share/texmf-dist/tex/generic/pgf/math/pgfmathcalc.code.tex
(/usr/share/texmf-dist/tex/generic/pgf/math/pgfmathutil.code.tex)
(/usr/share/texmf-dist/tex/generic/pgf/math/pgfmathparser.code.tex
\pgfmath@dimen=\dimen137
\pgfmath@count=\count112
\pgfmath@box=\box35
\pgfmath@toks=\toks20
\pgfmath@stack@operand=\toks21
\pgfmath@stack@operation=\toks22
)
(/usr/share/texmf-dist/tex/generic/pgf/math/pgfmathfunctions.code.tex
(/usr/share/texmf-dist/tex/generic/pgf/math/pgfmathfunctions.basic.code.tex)
(/usr/share/texmf-dist/tex/generic/pgf/math/pgfmathfunctions.trigonometric.code
.tex)
(/usr/share/texmf-dist/tex/generic/pgf/math/pgfmathfunctions.random.code.tex)
(/usr/share/texmf-dist/tex/generic/pgf/math/pgfmathfunctions.comparison.code.te
x) (/usr/share/texmf-dist/tex/generic/pgf/math/pgfmathfunctions.base.code.tex)
(/usr/share/texmf-dist/tex/generic/pgf/math/pgfmathfunctions.round.code.tex)
(/usr/share/texmf-dist/tex/generic/pgf/math/pgfmathfunctions.misc.code.tex)))
(/usr/share/texmf-dist/tex/generic/pgf/math/pgfmathfloat.code.tex
\c@pgfmathroundto@lastzeros=\count113
))
(/usr/share/texmf-dist/tex/generic/pgf/basiclayer/pgfcorepoints.code.tex
File: pgfcorepoints.code.tex 2010/04/09  (rcs-revision 1.20)
\pgf@picminx=\dimen138
\pgf@picmaxx=\dimen139
\pgf@picminy=\dimen140
\pgf@picmaxy=\dimen141
\pgf@pathminx=\dimen142
\pgf@pathmaxx=\dimen143
\pgf@pathminy=\dimen144
\pgf@pathmaxy=\dimen145
\pgf@xx=\dimen146
\pgf@xy=\dimen147
\pgf@yx=\dimen148
\pgf@yy=\dimen149
\pgf@zx=\dimen150
\pgf@zy=\dimen151
)
(/usr/share/texmf-dist/tex/generic/pgf/basiclayer/pgfcorepathconstruct.code.tex
File: pgfcorepathconstruct.code.tex 2010/08/03  (rcs-revision 1.24)
\pgf@path@lastx=\dimen152
\pgf@path@lasty=\dimen153
) (/usr/share/texmf-dist/tex/generic/pgf/basiclayer/pgfcorepathusage.code.tex
File: pgfcorepathusage.code.tex 2008/04/22  (rcs-revision 1.12)
\pgf@shorten@end@additional=\dimen154
\pgf@shorten@start@additional=\dimen155
)
(/usr/share/texmf-dist/tex/generic/pgf/basiclayer/pgfcorescopes.code.tex
File: pgfcorescopes.code.tex 2010/09/08  (rcs-revision 1.34)
\pgfpic=\box36
\pgf@hbox=\box37
\pgf@layerbox@main=\box38
\pgf@picture@serial@count=\count114
)
(/usr/share/texmf-dist/tex/generic/pgf/basiclayer/pgfcoregraphicstate.code.tex
File: pgfcoregraphicstate.code.tex 2008/04/22  (rcs-revision 1.9)
\pgflinewidth=\dimen156
)
(/usr/share/texmf-dist/tex/generic/pgf/basiclayer/pgfcoretransformations.code.t
ex
File: pgfcoretransformations.code.tex 2009/06/10  (rcs-revision 1.11)
\pgf@pt@x=\dimen157
\pgf@pt@y=\dimen158
\pgf@pt@temp=\dimen159
) (/usr/share/texmf-dist/tex/generic/pgf/basiclayer/pgfcorequick.code.tex
File: pgfcorequick.code.tex 2008/10/09  (rcs-revision 1.3)
)
(/usr/share/texmf-dist/tex/generic/pgf/basiclayer/pgfcoreobjects.code.tex
File: pgfcoreobjects.code.tex 2006/10/11  (rcs-revision 1.2)
)
(/usr/share/texmf-dist/tex/generic/pgf/basiclayer/pgfcorepathprocessing.code.te
x
File: pgfcorepathprocessing.code.tex 2008/10/09  (rcs-revision 1.8)
) (/usr/share/texmf-dist/tex/generic/pgf/basiclayer/pgfcorearrows.code.tex
File: pgfcorearrows.code.tex 2008/04/23  (rcs-revision 1.11)
)
(/usr/share/texmf-dist/tex/generic/pgf/basiclayer/pgfcoreshade.code.tex
File: pgfcoreshade.code.tex 2008/11/23  (rcs-revision 1.13)
\pgf@max=\dimen160
\pgf@sys@shading@range@num=\count115
)
(/usr/share/texmf-dist/tex/generic/pgf/basiclayer/pgfcoreimage.code.tex
File: pgfcoreimage.code.tex 2010/03/25  (rcs-revision 1.16)

(/usr/share/texmf-dist/tex/generic/pgf/basiclayer/pgfcoreexternal.code.tex
File: pgfcoreexternal.code.tex 2010/09/01  (rcs-revision 1.17)
\pgfexternal@startupbox=\box39
))
(/usr/share/texmf-dist/tex/generic/pgf/basiclayer/pgfcorelayers.code.tex
File: pgfcorelayers.code.tex 2010/08/27  (rcs-revision 1.2)
)
(/usr/share/texmf-dist/tex/generic/pgf/basiclayer/pgfcoretransparency.code.tex
File: pgfcoretransparency.code.tex 2008/01/17  (rcs-revision 1.2)
) (/usr/share/texmf-dist/tex/generic/pgf/basiclayer/pgfcorepatterns.code.tex
File: pgfcorepatterns.code.tex 2009/07/02  (rcs-revision 1.3)
)))
(/usr/share/texmf-dist/tex/latex/pgf/utilities/xxcolor.sty
Package: xxcolor 2003/10/24 ver 0.1
\XC@nummixins=\count116
\XC@countmixins=\count117
)
(/usr/share/texmf-dist/tex/latex/hyperref/hyperref.sty
Package: hyperref 2012/11/06 v6.83m Hypertext links for LaTeX

(/usr/share/texmf-dist/tex/generic/oberdiek/hobsub-hyperref.sty
Package: hobsub-hyperref 2012/05/28 v1.13 Bundle oberdiek, subset hyperref (HO)


(/usr/share/texmf-dist/tex/generic/oberdiek/hobsub-generic.sty
Package: hobsub-generic 2012/05/28 v1.13 Bundle oberdiek, subset generic (HO)
Package: hobsub 2012/05/28 v1.13 Construct package bundles (HO)
Package hobsub Info: Skipping package `infwarerr' (already loaded).
Package hobsub Info: Skipping package `ltxcmds' (already loaded).
Package: ifluatex 2010/03/01 v1.3 Provides the ifluatex switch (HO)
Package ifluatex Info: LuaTeX not detected.
Package hobsub Info: Skipping package `ifvtex' (already loaded).
Package: intcalc 2007/09/27 v1.1 Expandable calculations with integers (HO)
Package hobsub Info: Skipping package `ifpdf' (already loaded).
Package: etexcmds 2011/02/16 v1.5 Avoid name clashes with e-TeX commands (HO)
Package etexcmds Info: Could not find \expanded.
(etexcmds)             That can mean that you are not using pdfTeX 1.50 or
(etexcmds)             that some package has redefined \expanded.
(etexcmds)             In the latter case, load this package earlier.
Package: kvsetkeys 2012/04/25 v1.16 Key value parser (HO)
Package: kvdefinekeys 2011/04/07 v1.3 Define keys (HO)
Package: pdftexcmds 2011/11/29 v0.20 Utility functions of pdfTeX for LuaTeX (HO
)
Package pdftexcmds Info: LuaTeX not detected.
Package pdftexcmds Info: \pdf@primitive is available.
Package pdftexcmds Info: \pdf@ifprimitive is available.
Package pdftexcmds Info: \pdfdraftmode found.
Package: pdfescape 2011/11/25 v1.13 Implements pdfTeX's escape features (HO)
Package: bigintcalc 2012/04/08 v1.3 Expandable calculations on big integers (HO
)
Package: bitset 2011/01/30 v1.1 Handle bit-vector datatype (HO)
Package: uniquecounter 2011/01/30 v1.2 Provide unlimited unique counter (HO)
)
Package hobsub Info: Skipping package `hobsub' (already loaded).
Package: letltxmacro 2010/09/02 v1.4 Let assignment for LaTeX macros (HO)
Package: hopatch 2012/05/28 v1.2 Wrapper for package hooks (HO)
Package: xcolor-patch 2011/01/30 xcolor patch
Package: atveryend 2011/06/30 v1.8 Hooks at the very end of document (HO)
Package atveryend Info: \enddocument detected (standard20110627).
Package: atbegshi 2011/10/05 v1.16 At begin shipout hook (HO)
Package: refcount 2011/10/16 v3.4 Data extraction from label references (HO)
Package: hycolor 2011/01/30 v1.7 Color options for hyperref/bookmark (HO)
)
(/usr/share/texmf-dist/tex/latex/oberdiek/auxhook.sty
Package: auxhook 2011/03/04 v1.3 Hooks for auxiliary files (HO)
)
(/usr/share/texmf-dist/tex/latex/oberdiek/kvoptions.sty
Package: kvoptions 2011/06/30 v3.11 Key value format for package options (HO)
)
\@linkdim=\dimen161
\Hy@linkcounter=\count118
\Hy@pagecounter=\count119

(/usr/share/texmf-dist/tex/latex/hyperref/pd1enc.def
File: pd1enc.def 2012/11/06 v6.83m Hyperref: PDFDocEncoding definition (HO)
)
\Hy@SavedSpaceFactor=\count120

(/usr/share/texmf-dist/tex/latex/latexconfig/hyperref.cfg
File: hyperref.cfg 2002/06/06 v1.2 hyperref configuration of TeXLive
)
Package hyperref Info: Option `bookmarks' set `true' on input line 4319.
Package hyperref Info: Option `bookmarksopen' set `true' on input line 4319.
Package hyperref Info: Option `implicit' set `false' on input line 4319.
Package hyperref Info: Hyper figures OFF on input line 4443.
Package hyperref Info: Link nesting OFF on input line 4448.
Package hyperref Info: Hyper index ON on input line 4451.
Package hyperref Info: Plain pages OFF on input line 4458.
Package hyperref Info: Backreferencing OFF on input line 4463.
Package hyperref Info: Implicit mode OFF; no redefinition of LaTeX internals.
Package hyperref Info: Bookmarks ON on input line 4688.
\c@Hy@tempcnt=\count121

(/usr/share/texmf-dist/tex/latex/url/url.sty
\Urlmuskip=\muskip10
Package: url 2006/04/12  ver 3.3  Verb mode for urls, etc.
)
LaTeX Info: Redefining \url on input line 5041.
\XeTeXLinkMargin=\dimen162
\Fld@menulength=\count122
\Field@Width=\dimen163
\Fld@charsize=\dimen164
Package hyperref Info: Hyper figures OFF on input line 6295.
Package hyperref Info: Link nesting OFF on input line 6300.
Package hyperref Info: Hyper index ON on input line 6303.
Package hyperref Info: backreferencing OFF on input line 6310.
Package hyperref Info: Link coloring OFF on input line 6315.
Package hyperref Info: Link coloring with OCG OFF on input line 6320.
Package hyperref Info: PDF/A mode OFF on input line 6325.
LaTeX Info: Redefining \ref on input line 6365.
LaTeX Info: Redefining \pageref on input line 6369.
\Hy@abspage=\count123


Package hyperref Message: Stopped early.

)

Package hyperref Message: Driver (autodetected): hpdftex.

(/usr/share/texmf-dist/tex/latex/hyperref/hpdftex.def
File: hpdftex.def 2012/11/06 v6.83m Hyperref driver for pdfTeX
\Fld@listcount=\count124
\c@bookmark@seq@number=\count125

(/usr/share/texmf-dist/tex/latex/oberdiek/rerunfilecheck.sty
Package: rerunfilecheck 2011/04/15 v1.7 Rerun checks for auxiliary files (HO)
Package uniquecounter Info: New unique counter `rerunfilecheck' on input line 2
82.
))
(/usr/share/texmf-dist/tex/latex/beamer/beamerbaserequires.sty
Package: beamerbaserequires 2010/05/01  (rcs-revision efa082c6111d)

(/usr/share/texmf-dist/tex/latex/beamer/beamerbasecompatibility.sty
Package: beamerbasecompatibility 2012/05/01  (rcs-revision 67c48b3b652d)
)
(/usr/share/texmf-dist/tex/latex/beamer/beamerbasefont.sty
Package: beamerbasefont 2013/06/04  (rcs-revision e18016724886)

(/usr/share/texmf-dist/tex/latex/amsfonts/amssymb.sty
Package: amssymb 2013/01/14 v3.01 AMS font symbols

(/usr/share/texmf-dist/tex/latex/amsfonts/amsfonts.sty
Package: amsfonts 2013/01/14 v3.01 Basic AMSFonts support
\@emptytoks=\toks23
\symAMSa=\mathgroup4
\symAMSb=\mathgroup5
LaTeX Font Info:    Overwriting math alphabet `\mathfrak' in version `bold'
(Font)                  U/euf/m/n --> U/euf/b/n on input line 106.
)))
(/usr/share/texmf-dist/tex/latex/beamer/beamerbasetranslator.sty
Package: beamerbasetranslator 2010/06/11  (rcs-revision 85fd1cc7fc42)

(/usr/share/texmf-dist/tex/latex/beamer/translator/translator.sty
Package: translator 2010/06/12 ver 1.10

(/usr/share/texmf-dist/tex/latex/beamer/translator/translator-language-mappings
.tex))) (/usr/share/texmf-dist/tex/latex/beamer/beamerbasemisc.sty
Package: beamerbasemisc 2012/02/24  (rcs-revision 2ff5461be705)
)
(/usr/share/texmf-dist/tex/latex/beamer/beamerbasetwoscreens.sty
Package: beamerbasetwoscreens 2010/05/01  (rcs-revision efa082c6111d)
)
(/usr/share/texmf-dist/tex/latex/beamer/beamerbaseoverlay.sty
Package: beamerbaseoverlay 2012/11/11  (rcs-revision 6afbc49b1109)
\beamer@argscount=\count126
\beamer@lastskipcover=\skip44
\beamer@trivlistdepth=\count127
)
(/usr/share/texmf-dist/tex/latex/beamer/beamerbasetitle.sty
Package: beamerbasetitle 2010/09/21  (rcs-revision f0446ed0b6ae)
)
(/usr/share/texmf-dist/tex/latex/beamer/beamerbasesection.sty
Package: beamerbasesection 2013/06/07  (rcs-revision 60b9fe0f342f)
\c@lecture=\count128
\c@part=\count129
\c@section=\count130
\c@subsection=\count131
\c@subsubsection=\count132
)
(/usr/share/texmf-dist/tex/latex/beamer/beamerbaseframe.sty
Package: beamerbaseframe 2013/03/31  (rcs-revision edcfd2d0f22d)
\beamer@framebox=\box40
\beamer@frametitlebox=\box41
\beamer@zoombox=\box42
\beamer@zoomcount=\count133
\beamer@zoomframecount=\count134
\beamer@frametextheight=\dimen165
\c@subsectionslide=\count135
\beamer@frametopskip=\skip45
\beamer@framebottomskip=\skip46
\beamer@frametopskipautobreak=\skip47
\beamer@framebottomskipautobreak=\skip48
\beamer@envbody=\toks24
\framewidth=\dimen166
\c@framenumber=\count136
)
(/usr/share/texmf-dist/tex/latex/beamer/beamerbaseverbatim.sty
Package: beamerbaseverbatim 2012/08/30  (rcs-revision dfdb135076b3)
\beamer@verbatimfileout=\write4
)
(/usr/share/texmf-dist/tex/latex/beamer/beamerbaseframesize.sty
Package: beamerbaseframesize 2011/09/12  (rcs-revision 70f9d8411e54)
\beamer@splitbox=\box43
\beamer@autobreakcount=\count137
\beamer@autobreaklastheight=\dimen167
\beamer@frametitletoks=\toks25
\beamer@framesubtitletoks=\toks26
)
(/usr/share/texmf-dist/tex/latex/beamer/beamerbaseframecomponents.sty
Package: beamerbaseframecomponents 2012/09/13  (rcs-revision dcd846607320)
\beamer@footins=\box44
)
(/usr/share/texmf-dist/tex/latex/beamer/beamerbasecolor.sty
Package: beamerbasecolor 2010/06/06  (rcs-revision d1a9b48be06d)
)
(/usr/share/texmf-dist/tex/latex/beamer/beamerbasenotes.sty
Package: beamerbasenotes 2012/12/19  (rcs-revision 1686da3db3c9)
\beamer@frameboxcopy=\box45
)
(/usr/share/texmf-dist/tex/latex/beamer/beamerbasetoc.sty
Package: beamerbasetoc 2013/05/23  (rcs-revision 0fdf5bc43be8)
)
(/usr/share/texmf-dist/tex/latex/beamer/beamerbasetemplates.sty
Package: beamerbasetemplates 2010/05/01  (rcs-revision efa082c6111d)
\beamer@sbttoks=\toks27

(/usr/share/texmf-dist/tex/latex/beamer/beamerbaseauxtemplates.sty
Package: beamerbaseauxtemplates 2013/02/02  (rcs-revision f179744ff1e3)

(/usr/share/texmf-dist/tex/latex/beamer/beamerbaseboxes.sty
Package: beamerbaseboxes 2012/05/13  (rcs-revision 56972908a390)
\bmb@box=\box46
\bmb@colorbox=\box47
\bmb@boxshadow=\box48
\bmb@boxshadowball=\box49
\bmb@boxshadowballlarge=\box50
\bmb@temp=\dimen168
\bmb@dima=\dimen169
\bmb@dimb=\dimen170
\bmb@prevheight=\dimen171
)
\beamer@blockheadheight=\dimen172
))
(/usr/share/texmf-dist/tex/latex/beamer/beamerbaselocalstructure.sty
Package: beamerbaselocalstructure 2012/11/13  (rcs-revision ddfba79dac19)

(/usr/share/texmf-dist/tex/latex/tools/enumerate.sty
Package: enumerate 1999/03/05 v3.00 enumerate extensions (DPC)
\@enLab=\toks28
)
\c@figure=\count138
\c@table=\count139
\abovecaptionskip=\skip49
\belowcaptionskip=\skip50
)
(/usr/share/texmf-dist/tex/latex/beamer/beamerbasenavigation.sty
Package: beamerbasenavigation 2013/04/04  (rcs-revision 905a39e12b38)
\beamer@section@min@dim=\dimen173
)
(/usr/share/texmf-dist/tex/latex/beamer/beamerbasetheorems.sty
Package: beamerbasetheorems 2010/06/06  (rcs-revision 7e7cc5e53e9d)

(/usr/share/texmf-dist/tex/latex/amsmath/amsmath.sty
Package: amsmath 2013/01/14 v2.14 AMS math features
\@mathmargin=\skip51

For additional information on amsmath, use the `?' option.
(/usr/share/texmf-dist/tex/latex/amsmath/amstext.sty
Package: amstext 2000/06/29 v2.01

(/usr/share/texmf-dist/tex/latex/amsmath/amsgen.sty
File: amsgen.sty 1999/11/30 v2.0
\@emptytoks=\toks29
\ex@=\dimen174
))
(/usr/share/texmf-dist/tex/latex/amsmath/amsbsy.sty
Package: amsbsy 1999/11/29 v1.2d
\pmbraise@=\dimen175
)
(/usr/share/texmf-dist/tex/latex/amsmath/amsopn.sty
Package: amsopn 1999/12/14 v2.01 operator names
)
\inf@bad=\count140
LaTeX Info: Redefining \frac on input line 210.
\uproot@=\count141
\leftroot@=\count142
LaTeX Info: Redefining \overline on input line 306.
\classnum@=\count143
\DOTSCASE@=\count144
LaTeX Info: Redefining \ldots on input line 378.
LaTeX Info: Redefining \dots on input line 381.
LaTeX Info: Redefining \cdots on input line 466.
\Mathstrutbox@=\box51
\strutbox@=\box52
\big@size=\dimen176
LaTeX Font Info:    Redeclaring font encoding OML on input line 566.
LaTeX Font Info:    Redeclaring font encoding OMS on input line 567.
\macc@depth=\count145
\c@MaxMatrixCols=\count146
\dotsspace@=\muskip11
\c@parentequation=\count147
\dspbrk@lvl=\count148
\tag@help=\toks30
\row@=\count149
\column@=\count150
\maxfields@=\count151
\andhelp@=\toks31
\eqnshift@=\dimen177
\alignsep@=\dimen178
\tagshift@=\dimen179
\tagwidth@=\dimen180
\totwidth@=\dimen181
\lineht@=\dimen182
\@envbody=\toks32
\multlinegap=\skip52
\multlinetaggap=\skip53
\mathdisplay@stack=\toks33
LaTeX Info: Redefining \[ on input line 2665.
LaTeX Info: Redefining \] on input line 2666.
)
(/usr/share/texmf-dist/tex/latex/amscls/amsthm.sty
Package: amsthm 2004/08/06 v2.20
\thm@style=\toks34
\thm@bodyfont=\toks35
\thm@headfont=\toks36
\thm@notefont=\toks37
\thm@headpunct=\toks38
\thm@preskip=\skip54
\thm@postskip=\skip55
\thm@headsep=\skip56
\dth@everypar=\toks39
)
\c@theorem=\count152
)
(/usr/share/texmf-dist/tex/latex/beamer/beamerbasethemes.sty
Package: beamerbasethemes 2010/05/01  (rcs-revision efa082c6111d)
))
(/usr/share/texmf-dist/tex/latex/beamer/themes/theme/beamerthemedefault.sty
Package: beamerthemedefault 2010/06/17  (rcs-revision d02a7cf4d8ae)

(/usr/share/texmf-dist/tex/latex/beamer/themes/font/beamerfontthemedefault.sty
Package: beamerfontthemedefault 2012/12/19  (rcs-revision 1686da3db3c9)
)
(/usr/share/texmf-dist/tex/latex/beamer/themes/color/beamercolorthemedefault.st
y
Package: beamercolorthemedefault 2012/12/19  (rcs-revision 1686da3db3c9)
)
(/usr/share/texmf-dist/tex/latex/beamer/themes/inner/beamerinnerthemedefault.st
y
Package: beamerinnerthemedefault 2012/05/01  (rcs-revision 67c48b3b652d)
\beamer@dima=\dimen183
\beamer@dimb=\dimen184
)
(/usr/share/texmf-dist/tex/latex/beamer/themes/outer/beamerouterthemedefault.st
y
Package: beamerouterthemedefault 2012/12/19  (rcs-revision 1686da3db3c9)
))) (/usr/share/texmf-dist/tex/latex/pgf/utilities/pgfpages.sty
Package: pgfpages 2004/11/05 ver 0.01

(/usr/share/texmf-dist/tex/latex/tools/calc.sty
Package: calc 2007/08/22 v4.3 Infix arithmetic (KKT,FJ)
\calc@Acount=\count153
\calc@Bcount=\count154
\calc@Adimen=\dimen185
\calc@Bdimen=\dimen186
\calc@Askip=\skip57
\calc@Bskip=\skip58
LaTeX Info: Redefining \setlength on input line 76.
LaTeX Info: Redefining \addtolength on input line 77.
\calc@Ccount=\count155
\calc@Cskip=\skip59
)
\pgf@logicalpages=\count156
\pgf@firstshipout=\count157
\pgf@lastshipout=\count158
\pgf@currentshipout=\count159
\pgf@cpn=\count160
\pgf@shipoutnextto=\count161
\pgfphysicalheight=\dimen187
\pgfphysicalwidth=\dimen188
\pgfpages@shipoutbox=\box53
)
\pgfpages@box@1=\box54
\pgfpages@box@2=\box55
\pgfpages@box@3=\box56
\pgfpages@box@4=\box57
\pgfpages@box@5=\box58
\pgfpages@box@6=\box59
\pgfpages@box@7=\box60
\pgfpages@box@8=\box61

(/usr/share/texmf-dist/tex/latex/beamer/themes/theme/beamerthemeDarmstadt.sty
Package: beamerthemeDarmstadt 2010/06/17  (rcs-revision d02a7cf4d8ae)

(/usr/share/texmf-dist/tex/latex/beamer/themes/outer/beamerouterthemesmoothbars
.sty
Package: beamerouterthemesmoothbars 2010/06/17  (rcs-revision d02a7cf4d8ae)
)
(/usr/share/texmf-dist/tex/latex/beamer/themes/inner/beamerinnerthemerounded.st
y
Package: beamerinnerthemerounded 2010/06/17  (rcs-revision d02a7cf4d8ae)
)
(/usr/share/texmf-dist/tex/latex/beamer/themes/color/beamercolorthemeorchid.sty
Package: beamercolorthemeorchid 2010/06/17  (rcs-revision d02a7cf4d8ae)
)
(/usr/share/texmf-dist/tex/latex/beamer/themes/color/beamercolorthemewhale.sty
Package: beamercolorthemewhale 2010/06/17  (rcs-revision d02a7cf4d8ae)
))
(/usr/share/texmf-dist/tex/latex/beamer/themes/color/beamercolorthemebeaver.sty
Package: beamercolorthemebeaver 2010/06/17  (rcs-revision d02a7cf4d8ae)
)
(/usr/share/texmf-dist/tex/latex/beamer/themes/outer/beamerouterthemeinfolines.
sty
Package: beamerouterthemeinfolines 2012/10/16  (rcs-revision 51a8c72084af)
)
(/usr/share/texmf-dist/tex/latex/beamer/themes/inner/beamerinnerthemecircles.st
y
Package: beamerinnerthemecircles 2010/06/17  (rcs-revision d02a7cf4d8ae)
) (/usr/share/texmf-dist/tex/latex/comment/comment.sty
\CommentStream=\write5

Excluding comment 'comment') (./Group 6 Assignment 1 Tools.aux)
\openout1 = `"Group 6 Assignment 1 Tools.aux"'.

LaTeX Font Info:    Checking defaults for OML/cmm/m/it on input line 29.
LaTeX Font Info:    ... okay on input line 29.
LaTeX Font Info:    Checking defaults for T1/cmr/m/n on input line 29.
LaTeX Font Info:    ... okay on input line 29.
LaTeX Font Info:    Checking defaults for OT1/cmr/m/n on input line 29.
LaTeX Font Info:    ... okay on input line 29.
LaTeX Font Info:    Checking defaults for OMS/cmsy/m/n on input line 29.
LaTeX Font Info:    ... okay on input line 29.
LaTeX Font Info:    Checking defaults for OMX/cmex/m/n on input line 29.
LaTeX Font Info:    ... okay on input line 29.
LaTeX Font Info:    Checking defaults for U/cmr/m/n on input line 29.
LaTeX Font Info:    ... okay on input line 29.
LaTeX Font Info:    Checking defaults for PD1/pdf/m/n on input line 29.
LaTeX Font Info:    ... okay on input line 29.

*geometry* driver: auto-detecting
*geometry* detected driver: pdftex
*geometry* verbose mode - [ preamble ] result:
* driver: pdftex
* paper: custom
* layout: <same size as paper>
* layoutoffset:(h,v)=(0.0pt,0.0pt)
* modes: includehead includefoot 
* h-part:(L,W,R)=(10.95003pt, 342.2953pt, 10.95003pt)
* v-part:(T,H,B)=(0.0pt, 273.14662pt, 0.0pt)
* \paperwidth=364.19536pt
* \paperheight=273.14662pt
* \textwidth=342.2953pt
* \textheight=244.6939pt
* \oddsidemargin=-61.31996pt
* \evensidemargin=-61.31996pt
* \topmargin=-72.26999pt
* \headheight=14.22636pt
* \headsep=0.0pt
* \topskip=11.0pt
* \footskip=14.22636pt
* \marginparwidth=4.0pt
* \marginparsep=10.0pt
* \columnsep=10.0pt
* \skip\footins=10.0pt plus 4.0pt minus 2.0pt
* \hoffset=0.0pt
* \voffset=0.0pt
* \mag=1000
* \@twocolumnfalse
* \@twosidefalse
* \@mparswitchfalse
* \@reversemarginfalse
* (1in=72.27pt=25.4mm, 1cm=28.453pt)

(/usr/share/texmf-dist/tex/context/base/supp-pdf.mkii
[Loading MPS to PDF converter (version 2006.09.02).]
\scratchcounter=\count162
\scratchdimen=\dimen189
\scratchbox=\box62
\nofMPsegments=\count163
\nofMParguments=\count164
\everyMPshowfont=\toks40
\MPscratchCnt=\count165
\MPscratchDim=\dimen190
\MPnumerator=\count166
\makeMPintoPDFobject=\count167
\everyMPtoPDFconversion=\toks41
) (/usr/share/texmf-dist/tex/latex/oberdiek/epstopdf-base.sty
Package: epstopdf-base 2010/02/09 v2.5 Base part for package epstopdf

(/usr/share/texmf-dist/tex/latex/oberdiek/grfext.sty
Package: grfext 2010/08/19 v1.1 Manage graphics extensions (HO)
)
Package grfext Info: Graphics extension search list:
(grfext)             [.png,.pdf,.jpg,.mps,.jpeg,.jbig2,.jb2,.PNG,.PDF,.JPG,.JPE
G,.JBIG2,.JB2,.eps]
(grfext)             \AppendGraphicsExtensions on input line 452.

(/usr/share/texmf-dist/tex/latex/latexconfig/epstopdf-sys.cfg
File: epstopdf-sys.cfg 2010/07/13 v1.3 Configuration of (r)epstopdf for TeX Liv
e
))
ABD: EveryShipout initializing macros
\AtBeginShipoutBox=\box63
Package hyperref Info: Link coloring OFF on input line 29.

(/usr/share/texmf-dist/tex/latex/hyperref/nameref.sty
Package: nameref 2012/10/27 v2.43 Cross-referencing by name of section

(/usr/share/texmf-dist/tex/generic/oberdiek/gettitlestring.sty
Package: gettitlestring 2010/12/03 v1.4 Cleanup title references (HO)
)
\c@section@level=\count168
)
LaTeX Info: Redefining \ref on input line 29.
LaTeX Info: Redefining \pageref on input line 29.
LaTeX Info: Redefining \nameref on input line 29.

(./Group 6 Assignment 1 Tools.out) (./Group 6 Assignment 1 Tools.out)
\@outlinefile=\write6
\openout6 = `"Group 6 Assignment 1 Tools.out"'.

LaTeX Font Info:    Overwriting symbol font `operators' in version `normal'
(Font)                  OT1/cmr/m/n --> OT1/cmss/m/n on input line 29.
LaTeX Font Info:    Overwriting symbol font `operators' in version `bold'
(Font)                  OT1/cmr/bx/n --> OT1/cmss/bx/n on input line 29.
\symnumbers=\mathgroup6
\sympureletters=\mathgroup7
LaTeX Font Info:    Overwriting math alphabet `\mathrm' in version `normal'
(Font)                  OT1/cmss/m/n --> OT1/cmr/m/n on input line 29.
LaTeX Font Info:    Redeclaring math alphabet \mathbf on input line 29.
LaTeX Font Info:    Overwriting math alphabet `\mathbf' in version `normal'
(Font)                  OT1/cmr/bx/n --> OT1/cmss/bx/n on input line 29.
LaTeX Font Info:    Overwriting math alphabet `\mathbf' in version `bold'
(Font)                  OT1/cmr/bx/n --> OT1/cmss/bx/n on input line 29.
LaTeX Font Info:    Redeclaring math alphabet \mathsf on input line 29.
LaTeX Font Info:    Overwriting math alphabet `\mathsf' in version `normal'
(Font)                  OT1/cmss/m/n --> OT1/cmss/m/n on input line 29.
LaTeX Font Info:    Overwriting math alphabet `\mathsf' in version `bold'
(Font)                  OT1/cmss/bx/n --> OT1/cmss/m/n on input line 29.
LaTeX Font Info:    Redeclaring math alphabet \mathit on input line 29.
LaTeX Font Info:    Overwriting math alphabet `\mathit' in version `normal'
(Font)                  OT1/cmr/m/it --> OT1/cmss/m/it on input line 29.
LaTeX Font Info:    Overwriting math alphabet `\mathit' in version `bold'
(Font)                  OT1/cmr/bx/it --> OT1/cmss/m/it on input line 29.
LaTeX Font Info:    Redeclaring math alphabet \mathtt on input line 29.
LaTeX Font Info:    Overwriting math alphabet `\mathtt' in version `normal'
(Font)                  OT1/cmtt/m/n --> OT1/cmtt/m/n on input line 29.
LaTeX Font Info:    Overwriting math alphabet `\mathtt' in version `bold'
(Font)                  OT1/cmtt/m/n --> OT1/cmtt/m/n on input line 29.
LaTeX Font Info:    Overwriting symbol font `numbers' in version `bold'
(Font)                  OT1/cmss/m/n --> OT1/cmss/bx/n on input line 29.
LaTeX Font Info:    Overwriting symbol font `pureletters' in version `bold'
(Font)                  OT1/cmss/m/it --> OT1/cmss/bx/it on input line 29.
LaTeX Font Info:    Overwriting math alphabet `\mathrm' in version `bold'
(Font)                  OT1/cmss/bx/n --> OT1/cmr/bx/n on input line 29.
LaTeX Font Info:    Overwriting math alphabet `\mathbf' in version `bold'
(Font)                  OT1/cmss/bx/n --> OT1/cmss/bx/n on input line 29.
LaTeX Font Info:    Overwriting math alphabet `\mathsf' in version `bold'
(Font)                  OT1/cmss/m/n --> OT1/cmss/bx/n on input line 29.
LaTeX Font Info:    Overwriting math alphabet `\mathit' in version `bold'
(Font)                  OT1/cmss/m/it --> OT1/cmss/bx/it on input line 29.
LaTeX Font Info:    Overwriting math alphabet `\mathtt' in version `bold'
(Font)                  OT1/cmtt/m/n --> OT1/cmtt/bx/n on input line 29.

(/usr/share/texmf-dist/tex/latex/beamer/translator/dicts/translator-basic-dicti
onary/translator-basic-dictionary-English.dict
Dictionary: translator-basic-dictionary, Language: English 
)
(/usr/share/texmf-dist/tex/latex/beamer/translator/dicts/translator-bibliograph
y-dictionary/translator-bibliography-dictionary-English.dict
Dictionary: translator-bibliography-dictionary, Language: English 
)
(/usr/share/texmf-dist/tex/latex/beamer/translator/dicts/translator-environment
-dictionary/translator-environment-dictionary-English.dict
Dictionary: translator-environment-dictionary, Language: English 
)
(/usr/share/texmf-dist/tex/latex/beamer/translator/dicts/translator-months-dict
ionary/translator-months-dictionary-English.dict
Dictionary: translator-months-dictionary, Language: English 
)
(/usr/share/texmf-dist/tex/latex/beamer/translator/dicts/translator-numbers-dic
tionary/translator-numbers-dictionary-English.dict
Dictionary: translator-numbers-dictionary, Language: English 
)
(/usr/share/texmf-dist/tex/latex/beamer/translator/dicts/translator-theorem-dic
tionary/translator-theorem-dictionary-English.dict
Dictionary: translator-theorem-dictionary, Language: English 
)
LaTeX Info: Redefining \includegraphics on input line 29.

(./Group 6 Assignment 1 Tools.nav)
Overfull \hbox (2.12502pt too wide) in paragraph at lines 29--29
[][]  
 []


LaTeX Font Warning: Font shape `OT1/cmss/m/n' in size <4> not available
(Font)              size <5> substituted on input line 30.


Overfull \hbox (2.12502pt too wide) has occurred while \output is active
[][] 
 []

LaTeX Font Info:    Try loading font information for U+msa on input line 51.
(/usr/share/texmf-dist/tex/latex/amsfonts/umsa.fd
File: umsa.fd 2013/01/14 v3.01 AMS symbols A
)
LaTeX Font Info:    Try loading font information for U+msb on input line 51.

(/usr/share/texmf-dist/tex/latex/amsfonts/umsb.fd
File: umsb.fd 2013/01/14 v3.01 AMS symbols B
)
Overfull \hbox (2.12502pt too wide) has occurred while \output is active
[][] 
 []

LaTeX Font Info:    Try loading font information for OMS+cmss on input line 71.

LaTeX Font Info:    No file OMScmss.fd. on input line 71.

LaTeX Font Warning: Font shape `OMS/cmss/m/n' undefined
(Font)              using `OMS/cmsy/m/n' instead
(Font)              for symbol `textbullet' on input line 71.


Overfull \hbox (2.12502pt too wide) has occurred while \output is active
[][] 
 []


Overfull \hbox (2.12502pt too wide) has occurred while \output is active
[][] 
 []


Overfull \hbox (2.12502pt too wide) has occurred while \output is active
[][] 
 []


Overfull \hbox (2.12502pt too wide) has occurred while \output is active
[][] 
 []

<Screenshots/github/0login.png, id=22, 1049.9225pt x 669.50125pt>
File: Screenshots/github/0login.png Graphic file (type png)

<use Screenshots/github/0login.png>
Package pdftex.def Info: Screenshots/github/0login.png used on input line 116.
(pdftex.def)             Requested size: 273.83728pt x 174.61786pt.

Overfull \hbox (2.12502pt too wide) has occurred while \output is active
[][] 
 []

<Screenshots/github/1create-a.png, id=24, 1049.9225pt x 669.50125pt>
File: Screenshots/github/1create-a.png Graphic file (type png)

<use Screenshots/github/1create-a.png>
Package pdftex.def Info: Screenshots/github/1create-a.png used on input line 12
3.
(pdftex.def)             Requested size: 273.83728pt x 174.61786pt.

Overfull \hbox (2.12502pt too wide) has occurred while \output is active
[][] 
 []

<Screenshots/github/1create-b.png, id=25, 1049.9225pt x 669.50125pt>
File: Screenshots/github/1create-b.png Graphic file (type png)

<use Screenshots/github/1create-b.png>
Package pdftex.def Info: Screenshots/github/1create-b.png used on input line 13
0.
(pdftex.def)             Requested size: 273.83728pt x 174.61786pt.
 [9

{/usr/share/texmf-dist/fonts/map/pdftex/updmap/pdftex.map}







 <./Screenshots/github/0login.png> <./Screenshots/github/1create-a.png>]
Overfull \hbox (2.12502pt too wide) has occurred while \output is active
[][] 
 []

<Screenshots/github/1create-c.png, id=63, 1049.9225pt x 669.50125pt>
File: Screenshots/github/1create-c.png Graphic file (type png)

<use Screenshots/github/1create-c.png>
Package pdftex.def Info: Screenshots/github/1create-c.png used on input line 13
7.
(pdftex.def)             Requested size: 273.83728pt x 174.61786pt.

Overfull \hbox (2.12502pt too wide) has occurred while \output is active
[][] 
 []

<Screenshots/github/2clone-a.png, id=64, 831.105pt x 519.9425pt>
File: Screenshots/github/2clone-a.png Graphic file (type png)

<use Screenshots/github/2clone-a.png>
Package pdftex.def Info: Screenshots/github/2clone-a.png used on input line 144
.
(pdftex.def)             Requested size: 273.83728pt x 171.31181pt.

Overfull \hbox (2.12502pt too wide) has occurred while \output is active
[][] 
 []

<Screenshots/github/2clone-b.png, id=65, 831.105pt x 519.9425pt>
File: Screenshots/github/2clone-b.png Graphic file (type png)

<use Screenshots/github/2clone-b.png>
Package pdftex.def Info: Screenshots/github/2clone-b.png used on input line 151
.
(pdftex.def)             Requested size: 273.83728pt x 171.31181pt.

Overfull \hbox (2.12502pt too wide) has occurred while \output is active
[][] 
 []

<Screenshots/github/2clone-c.png, id=66, 831.105pt x 519.9425pt>
File: Screenshots/github/2clone-c.png Graphic file (type png)

<use Screenshots/github/2clone-c.png>
Package pdftex.def Info: Screenshots/github/2clone-c.png used on input line 158
.
(pdftex.def)             Requested size: 273.83728pt x 171.31181pt.

Overfull \hbox (2.12502pt too wide) has occurred while \output is active
[][] 
 []

<Screenshots/github/2clone-d.png, id=67, 831.105pt x 519.9425pt>
File: Screenshots/github/2clone-d.png Graphic file (type png)

<use Screenshots/github/2clone-d.png>
Package pdftex.def Info: Screenshots/github/2clone-d.png used on input line 165
.
(pdftex.def)             Requested size: 273.83728pt x 171.31181pt.

Overfull \hbox (2.12502pt too wide) has occurred while \output is active
[][] 
 []

<Screenshots/github/3edit-a.png, id=68, 831.105pt x 519.9425pt>
File: Screenshots/github/3edit-a.png Graphic file (type png)

<use Screenshots/github/3edit-a.png>
Package pdftex.def Info: Screenshots/github/3edit-a.png used on input line 172.

(pdftex.def)             Requested size: 273.83728pt x 171.31181pt.

Overfull \hbox (2.12502pt too wide) has occurred while \output is active
[][] 
 []

<Screenshots/github/3edit-b.png, id=69, 831.105pt x 519.9425pt>
File: Screenshots/github/3edit-b.png Graphic file (type png)

<use Screenshots/github/3edit-b.png>
Package pdftex.def Info: Screenshots/github/3edit-b.png used on input line 179.

(pdftex.def)             Requested size: 273.83728pt x 171.31181pt.

Overfull \hbox (2.12502pt too wide) has occurred while \output is active
[][] 
 []

<Screenshots/github/4add.png, id=70, 831.105pt x 519.9425pt>
File: Screenshots/github/4add.png Graphic file (type png)

<use Screenshots/github/4add.png>
Package pdftex.def Info: Screenshots/github/4add.png used on input line 186.
(pdftex.def)             Requested size: 273.83728pt x 171.31181pt.
 [17








 <./Screenshots/github/1create-b.png> <./Screenshots/github/1create-c.png> <./S
creenshots/github/2clone-a.png> <./Screenshots/github/2clone-b.png> <./Screensh
ots/github/2clone-c.png> <./Screenshots/github/2clone-d.png> <./Screenshots/git
hub/3edit-a.png> <./Screenshots/github/3edit-b.png>]
Overfull \hbox (2.12502pt too wide) has occurred while \output is active
[][] 
 []

<Screenshots/github/5commit-a.png, id=98, 831.105pt x 519.9425pt>
File: Screenshots/github/5commit-a.png Graphic file (type png)

<use Screenshots/github/5commit-a.png>
Package pdftex.def Info: Screenshots/github/5commit-a.png used on input line 19
3.
(pdftex.def)             Requested size: 273.83728pt x 171.31181pt.

Overfull \hbox (2.12502pt too wide) has occurred while \output is active
[][] 
 []

<Screenshots/github/5commit-b.png, id=99, 831.105pt x 519.9425pt>
File: Screenshots/github/5commit-b.png Graphic file (type png)

<use Screenshots/github/5commit-b.png>
Package pdftex.def Info: Screenshots/github/5commit-b.png used on input line 20
0.
(pdftex.def)             Requested size: 273.83728pt x 171.31181pt.

Overfull \hbox (2.12502pt too wide) has occurred while \output is active
[][] 
 []

<Screenshots/github/5commit-c.png, id=100, 831.105pt x 519.9425pt>
File: Screenshots/github/5commit-c.png Graphic file (type png)

<use Screenshots/github/5commit-c.png>
Package pdftex.def Info: Screenshots/github/5commit-c.png used on input line 20
7.
(pdftex.def)             Requested size: 273.83728pt x 171.31181pt.

Overfull \hbox (2.12502pt too wide) has occurred while \output is active
[][] 
 []

<Screenshots/github/6push-a.png, id=101, 831.105pt x 519.9425pt>
File: Screenshots/github/6push-a.png Graphic file (type png)

<use Screenshots/github/6push-a.png>
Package pdftex.def Info: Screenshots/github/6push-a.png used on input line 214.

(pdftex.def)             Requested size: 273.83728pt x 171.31181pt.

Overfull \hbox (2.12502pt too wide) has occurred while \output is active
[][] 
 []

<Screenshots/github/6push-b.png, id=102, 831.105pt x 519.9425pt>
File: Screenshots/github/6push-b.png Graphic file (type png)

<use Screenshots/github/6push-b.png>
Package pdftex.def Info: Screenshots/github/6push-b.png used on input line 221.

(pdftex.def)             Requested size: 273.83728pt x 171.31181pt.

Overfull \hbox (2.12502pt too wide) has occurred while \output is active
[][] 
 []


Overfull \hbox (2.12502pt too wide) has occurred while \output is active
[][] 
 []


Overfull \hbox (2.12502pt too wide) has occurred while \output is active
[][] 
 []

<Screenshots/egit/egit1.png, id=104, 788.9475pt x 347.79938pt>
File: Screenshots/egit/egit1.png Graphic file (type png)

<use Screenshots/egit/egit1.png>
Package pdftex.def Info: Screenshots/egit/egit1.png used on input line 268.
(pdftex.def)             Requested size: 273.83728pt x 120.71797pt.
 [25








 <./Screenshots/github/4add.png> <./Screenshots/github/5commit-a.png> <./Screen
shots/github/5commit-b.png> <./Screenshots/github/5commit-c.png> <./Screenshots
/github/6push-a.png> <./Screenshots/github/6push-b.png>]
Overfull \hbox (2.12502pt too wide) has occurred while \output is active
[][] 
 []

<Screenshots/egit/egit2.png, id=131, 753.5653pt x 366.61969pt>
File: Screenshots/egit/egit2.png Graphic file (type png)

<use Screenshots/egit/egit2.png>
Package pdftex.def Info: Screenshots/egit/egit2.png used on input line 278.
(pdftex.def)             Requested size: 273.83728pt x 133.22488pt.

Overfull \hbox (2.12502pt too wide) has occurred while \output is active
[][] 
 []

<Screenshots/github/github1.png, id=132, 794.97pt x 450.18187pt>
File: Screenshots/github/github1.png Graphic file (type png)

<use Screenshots/github/github1.png>
Package pdftex.def Info: Screenshots/github/github1.png used on input line 289.

(pdftex.def)             Requested size: 273.83728pt x 155.07248pt.

Overfull \vbox (4.50217pt too high) detected at line 289
 []


Overfull \hbox (2.12502pt too wide) has occurred while \output is active
[][] 
 []

<Screenshots/github/github2.png, id=133, 817.55438pt x 523.20468pt>
File: Screenshots/github/github2.png Graphic file (type png)

<use Screenshots/github/github2.png>
Package pdftex.def Info: Screenshots/github/github2.png used on input line 298.

(pdftex.def)             Requested size: 239.60567pt x 153.33812pt.

Overfull \vbox (2.7678pt too high) detected at line 298
 []


Overfull \hbox (2.12502pt too wide) has occurred while \output is active
[][] 
 []

<Screenshots/github/github3.png, id=134, 831.85782pt x 484.81125pt>
File: Screenshots/github/github3.png Graphic file (type png)

<use Screenshots/github/github3.png>
Package pdftex.def Info: Screenshots/github/github3.png used on input line 307.

(pdftex.def)             Requested size: 239.60567pt x 139.64476pt.

Overfull \hbox (2.12502pt too wide) has occurred while \output is active
[][] 
 []

<Screenshots/github/github7.png, id=135, 779.16093pt x 460.72125pt>
File: Screenshots/github/github7.png Graphic file (type png)

<use Screenshots/github/github7.png>
Package pdftex.def Info: Screenshots/github/github7.png used on input line 316.

(pdftex.def)             Requested size: 239.60567pt x 141.67621pt.

Overfull \hbox (2.12502pt too wide) has occurred while \output is active
[][] 
 []

<Screenshots/github/github4.png, id=136, 915.42pt x 499.11469pt>
File: Screenshots/github/github4.png Graphic file (type png)

<use Screenshots/github/github4.png>
Package pdftex.def Info: Screenshots/github/github4.png used on input line 325.

(pdftex.def)             Requested size: 239.60567pt x 130.63495pt.

Overfull \hbox (2.12502pt too wide) has occurred while \output is active
[][] 
 []

<Screenshots/github/github5.png, id=137, 915.42pt x 501.37312pt>
File: Screenshots/github/github5.png Graphic file (type png)

<use Screenshots/github/github5.png>
Package pdftex.def Info: Screenshots/github/github5.png used on input line 334.

(pdftex.def)             Requested size: 239.60567pt x 131.22606pt.

Overfull \hbox (2.12502pt too wide) has occurred while \output is active
[][] 
 []

<Screenshots/github/github6.png, id=138, 912.40875pt x 493.0922pt>
File: Screenshots/github/github6.png Graphic file (type png)

<use Screenshots/github/github6.png>
Package pdftex.def Info: Screenshots/github/github6.png used on input line 343.

(pdftex.def)             Requested size: 239.60567pt x 129.48753pt.
 [33








 <./Screenshots/egit/egit1.png> <./Screenshots/egit/egit2.png> <./Screenshots/g
ithub/github1.png> <./Screenshots/github/github2.png> <./Screenshots/github/git
hub3.png> <./Screenshots/github/github7.png> <./Screenshots/github/github4.png>
 <./Screenshots/github/github5.png>]
Overfull \hbox (2.12502pt too wide) has occurred while \output is active
[][] 
 []


Overfull \hbox (2.12502pt too wide) has occurred while \output is active
[][] 
 []


Overfull \hbox (2.12502pt too wide) has occurred while \output is active
[][] 
 []

<Screenshots/codeBeamer/codeBeamer1.png, id=166, 890.5772pt x 543.53062pt>
File: Screenshots/codeBeamer/codeBeamer1.png Graphic file (type png)

<use Screenshots/codeBeamer/codeBeamer1.png>
Package pdftex.def Info: Screenshots/codeBeamer/codeBeamer1.png used on input l
ine 395.
(pdftex.def)             Requested size: 239.60567pt x 146.23273pt.

Overfull \hbox (2.12502pt too wide) has occurred while \output is active
[][] 
 []

<Screenshots/codeBeamer/codeBeamer2.png, id=167, 1074.0125pt x 656.4525pt>
File: Screenshots/codeBeamer/codeBeamer2.png Graphic file (type png)

<use Screenshots/codeBeamer/codeBeamer2.png>
Package pdftex.def Info: Screenshots/codeBeamer/codeBeamer2.png used on input l
ine 405.
(pdftex.def)             Requested size: 239.60567pt x 146.44336pt.

Overfull \hbox (2.12502pt too wide) has occurred while \output is active
[][] 
 []

<Screenshots/codeBeamer/codeBeamer6.png, id=168, 817.55438pt x 452.4403pt>
File: Screenshots/codeBeamer/codeBeamer6.png Graphic file (type png)

<use Screenshots/codeBeamer/codeBeamer6.png>
Package pdftex.def Info: Screenshots/codeBeamer/codeBeamer6.png used on input l
ine 415.
(pdftex.def)             Requested size: 239.60567pt x 132.59886pt.

Overfull \hbox (2.12502pt too wide) has occurred while \output is active
[][] 
 []

<Screenshots/codeBeamer/codeBeamer3.png, id=169, 1149.5447pt x 523.20468pt>
File: Screenshots/codeBeamer/codeBeamer3.png Graphic file (type png)

<use Screenshots/codeBeamer/codeBeamer3.png>
Package pdftex.def Info: Screenshots/codeBeamer/codeBeamer3.png used on input l
ine 425.
(pdftex.def)             Requested size: 239.60567pt x 109.05392pt.

Overfull \hbox (2.12502pt too wide) has occurred while \output is active
[][] 
 []

<Screenshots/codeBeamer/codeBeamer4.png, id=170, 1136.74687pt x 487.06969pt>
File: Screenshots/codeBeamer/codeBeamer4.png Graphic file (type png)

<use Screenshots/codeBeamer/codeBeamer4.png>
Package pdftex.def Info: Screenshots/codeBeamer/codeBeamer4.png used on input l
ine 435.
(pdftex.def)             Requested size: 239.60567pt x 102.65924pt.

Overfull \hbox (2.12502pt too wide) has occurred while \output is active
[][] 
 []

<Screenshots/codeBeamer/codeBeamer5.png, id=171, 1148.79187pt x 688.82344pt>
File: Screenshots/codeBeamer/codeBeamer5.png Graphic file (type png)

<use Screenshots/codeBeamer/codeBeamer5.png>
Package pdftex.def Info: Screenshots/codeBeamer/codeBeamer5.png used on input l
ine 445.
(pdftex.def)             Requested size: 239.60567pt x 143.66919pt.
 [41








 <./Screenshots/github/github6.png> <./Screenshots/codeBeamer/codeBeamer1.png> 
<./Screenshots/codeBeamer/codeBeamer2.png> <./Screenshots/codeBeamer/codeBeamer
6.png> <./Screenshots/codeBeamer/codeBeamer3.png> <./Screenshots/codeBeamer/cod
eBeamer4.png>]
Overfull \hbox (2.12502pt too wide) has occurred while \output is active
[][] 
 []


Overfull \hbox (2.12502pt too wide) has occurred while \output is active
[][] 
 []


Overfull \hbox (2.12502pt too wide) has occurred while \output is active
[][] 
 []

<Screenshots/eclipse/eclipse1.png, id=199, 469.755pt x 286.06876pt>
File: Screenshots/eclipse/eclipse1.png Graphic file (type png)

<use Screenshots/eclipse/eclipse1.png>
Package pdftex.def Info: Screenshots/eclipse/eclipse1.png used on input line 50
6.
(pdftex.def)             Requested size: 239.60567pt x 145.91058pt.

Overfull \vbox (6.47966pt too high) detected at line 506
 []


Overfull \hbox (2.12502pt too wide) has occurred while \output is active
[][] 
 []

<Screenshots/eclipse/eclipse2.png, id=200, 469.755pt x 286.06876pt>
File: Screenshots/eclipse/eclipse2.png Graphic file (type png)

<use Screenshots/eclipse/eclipse2.png>
Package pdftex.def Info: Screenshots/eclipse/eclipse2.png used on input line 51
5.
(pdftex.def)             Requested size: 239.60567pt x 145.91058pt.

Overfull \vbox (0.17964pt too high) detected at line 515
 []


Overfull \hbox (2.12502pt too wide) has occurred while \output is active
[][] 
 []

<Screenshots/eclipse/eclipse3.png, id=201, 469.755pt x 197.98969pt>
File: Screenshots/eclipse/eclipse3.png Graphic file (type png)

<use Screenshots/eclipse/eclipse3.png>
Package pdftex.def Info: Screenshots/eclipse/eclipse3.png used on input line 52
4.
(pdftex.def)             Requested size: 239.60567pt x 100.98547pt.

Overfull \hbox (2.12502pt too wide) has occurred while \output is active
[][] 
 []

<Screenshots/eclipse/eclipse4.png, id=202, 469.755pt x 249.18094pt>
File: Screenshots/eclipse/eclipse4.png Graphic file (type png)

<use Screenshots/eclipse/eclipse4.png>
Package pdftex.def Info: Screenshots/eclipse/eclipse4.png used on input line 53
4.
(pdftex.def)             Requested size: 239.60567pt x 127.0958pt.

Overfull \hbox (2.12502pt too wide) has occurred while \output is active
[][] 
 []

<Screenshots/eclipse/eclipse6.png, id=203, 1020.06094pt x 547.2947pt>
File: Screenshots/eclipse/eclipse6.png Graphic file (type png)

<use Screenshots/eclipse/eclipse6.png>
Package pdftex.def Info: Screenshots/eclipse/eclipse6.png used on input line 54
3.
(pdftex.def)             Requested size: 239.60567pt x 128.5558pt.

Overfull \hbox (2.12502pt too wide) has occurred while \output is active
[][] 
 []

<Screenshots/eclipse/eclipse5.png, id=204, 1025.33063pt x 548.0475pt>
File: Screenshots/eclipse/eclipse5.png Graphic file (type png)

<use Screenshots/eclipse/eclipse5.png>
Package pdftex.def Info: Screenshots/eclipse/eclipse5.png used on input line 55
2.
(pdftex.def)             Requested size: 239.60567pt x 128.06363pt.
 [49








 <./Screenshots/codeBeamer/codeBeamer5.png> <./Screenshots/eclipse/eclipse1.png
> <./Screenshots/eclipse/eclipse2.png> <./Screenshots/eclipse/eclipse3.png> <./
Screenshots/eclipse/eclipse4.png> <./Screenshots/eclipse/eclipse6.png>]
Overfull \hbox (2.12502pt too wide) has occurred while \output is active
[][] 
 []


Overfull \hbox (2.12502pt too wide) has occurred while \output is active
[][] 
 []


Overfull \hbox (2.12502pt too wide) has occurred while \output is active
[][] 
 []

<Screenshots/openProj/openProj1.png, id=229, 469.755pt x 264.23718pt>
File: Screenshots/openProj/openProj1.png Graphic file (type png)

<use Screenshots/openProj/openProj1.png>
Package pdftex.def Info: Screenshots/openProj/openProj1.png used on input line 
604.
(pdftex.def)             Requested size: 239.60567pt x 134.7753pt.

Overfull \hbox (2.12502pt too wide) has occurred while \output is active
[][] 
 []

Missing character: There is no  in font cmss10!
Missing character: There is no  in font cmss10!
Missing character: There is no  in font cmss10!
Missing character: There is no  in font cmss10!
Missing character: There is no  in font cmss10!
Missing character: There is no  in font cmss10!
Missing character: There is no  in font cmss10!
Missing character: There is no  in font cmss10!
Missing character: There is no  in font cmss10!
Missing character: There is no  in font cmss10!
Missing character: There is no  in font cmss10!
Missing character: There is no  in font cmss10!
Missing character: There is no  in font cmss10!
Missing character: There is no  in font cmss10!
Missing character: There is no  in font cmss10!

Overfull \hbox (2.12502pt too wide) has occurred while \output is active
[][] 
 []

<Screenshots/openProj/openProj2.png, id=230, 469.755pt x 264.23718pt>
File: Screenshots/openProj/openProj2.png Graphic file (type png)

<use Screenshots/openProj/openProj2.png>
Package pdftex.def Info: Screenshots/openProj/openProj2.png used on input line 
627.
(pdftex.def)             Requested size: 239.60567pt x 134.7753pt.

Overfull \hbox (2.12502pt too wide) has occurred while \output is active
[][] 
 []

<Screenshots/openProj/openProj3.png, id=231, 469.755pt x 264.23718pt>
File: Screenshots/openProj/openProj3.png Graphic file (type png)

<use Screenshots/openProj/openProj3.png>
Package pdftex.def Info: Screenshots/openProj/openProj3.png used on input line 
636.
(pdftex.def)             Requested size: 239.60567pt x 134.7753pt.

Overfull \hbox (2.12502pt too wide) has occurred while \output is active
[][] 
 []

<Screenshots/openProj/openProj4.png, id=232, 469.755pt x 264.23718pt>
File: Screenshots/openProj/openProj4.png Graphic file (type png)

<use Screenshots/openProj/openProj4.png>
Package pdftex.def Info: Screenshots/openProj/openProj4.png used on input line 
645.
(pdftex.def)             Requested size: 239.60567pt x 134.7753pt.

Overfull \hbox (2.12502pt too wide) has occurred while \output is active
[][] 
 []

<Screenshots/openProj/openProj5.png, id=233, 469.755pt x 264.23718pt>
File: Screenshots/openProj/openProj5.png Graphic file (type png)

<use Screenshots/openProj/openProj5.png>
Package pdftex.def Info: Screenshots/openProj/openProj5.png used on input line 
654.
(pdftex.def)             Requested size: 239.60567pt x 134.7753pt.
 [57








 <./Screenshots/eclipse/eclipse5.png> <./Screenshots/openProj/openProj1.png> <.
/Screenshots/openProj/openProj2.png> <./Screenshots/openProj/openProj3.png> <./
Screenshots/openProj/openProj4.png>]
Overfull \hbox (2.12502pt too wide) has occurred while \output is active
[][] 
 []


Overfull \hbox (2.12502pt too wide) has occurred while \output is active
[][] 
 []


Overfull \hbox (2.12502pt too wide) has occurred while \output is active
[][] 
 []

\tf@nav=\write7
\openout7 = `"Group 6 Assignment 1 Tools.nav"'.

\tf@toc=\write8
\openout8 = `"Group 6 Assignment 1 Tools.toc"'.

\tf@snm=\write9
\openout9 = `"Group 6 Assignment 1 Tools.snm"'.

[60



 <./Screenshots/openProj/openProj5.png>]
Package atveryend Info: Empty hook `BeforeClearDocument' on input line 687.
Package atveryend Info: Empty hook `AfterLastShipout' on input line 687.
 (./Group 6 Assignment 1 Tools.aux)
Package atveryend Info: Executing hook `AtVeryEndDocument' on input line 687.
Package atveryend Info: Executing hook `AtEndAfterFileList' on input line 687.
Package rerunfilecheck Info: File `"Group 6 Assignment 1 Tools".out' has not ch
anged.
(rerunfilecheck)             Checksum: D41D8CD98F00B204E9800998ECF8427E;0.


LaTeX Font Warning: Size substitutions with differences
(Font)              up to 1.0pt have occurred.


LaTeX Font Warning: Some font shapes were not available, defaults substituted.

Package atveryend Info: Empty hook `AtVeryVeryEnd' on input line 687.
 ) 
Here is how much of TeX's memory you used:
 16588 strings out of 493315
 312316 string characters out of 6143690
 439050 words of memory out of 5000000
 19465 multiletter control sequences out of 15000+600000
 11724 words of font info for 43 fonts, out of 8000000 for 9000
 957 hyphenation exceptions out of 8191
 49i,17n,53p,438b,506s stack positions out of 5000i,500n,10000p,200000b,80000s
</usr/share/texmf-dist/fonts/type1/public/amsfonts/cm/cmss10.pfb></usr/share/
texmf-dist/fonts/type1/public/amsfonts/cm/cmss12.pfb></usr/share/texmf-dist/fon
ts/type1/public/amsfonts/cm/cmss17.pfb></usr/share/texmf-dist/fonts/type1/publi
c/amsfonts/cm/cmss8.pfb></usr/share/texmf-dist/fonts/type1/public/amsfonts/cm/c
mss9.pfb></usr/share/texmf-dist/fonts/type1/public/amsfonts/cm/cmssbx10.pfb></u
sr/share/texmf-dist/fonts/type1/public/amsfonts/cm/cmsy10.pfb></usr/share/texmf
-dist/fonts/type1/public/amsfonts/cm/cmsy9.pfb>
Output written on "Group 6 Assignment 1 Tools.pdf" (8 pages, 2961332 bytes).
PDF statistics:
 323 PDF objects out of 1000 (max. 8388607)
 213 compressed objects within 3 object streams
 126 named destinations out of 1000 (max. 500000)
 289 words of extra memory for PDF output out of 10000 (max. 10000000)

